#-----------------------------------------------------------
# Vivado v2018.2 (64-bit)
# SW Build 2258646 on Thu Jun 14 20:03:12 MDT 2018
# IP Build 2256618 on Thu Jun 14 22:10:49 MDT 2018
# Start of session at: Thu Nov  9 21:50:43 2023
# Process ID: 22496
# Current directory: C:/EE2026-MouseAudioDisplay.xpr/MouseAudioDisplay
# Command line: vivado.exe -gui_launcher_event rodinguilauncherevent9732 C:\EE2026-MouseAudioDisplay.xpr\MouseAudioDisplay\MouseAudioDisplay.xpr
# Log file: C:/EE2026-MouseAudioDisplay.xpr/MouseAudioDisplay/vivado.log
# Journal file: C:/EE2026-MouseAudioDisplay.xpr/MouseAudioDisplay\vivado.jou
#-----------------------------------------------------------
start_gui
open_project C:/EE2026-MouseAudioDisplay.xpr/MouseAudioDisplay/MouseAudioDisplay.xpr
INFO: [Project 1-313] Project file moved from 'C:/Users/Suresh Abijith Ram/Desktop/MAD.xpr/MouseAudioDisplay/.Xil/Vivado-11820-LAPTOP-UPDPKJ4P/PrjAr/_X_' since last save.
Scanning sources...
Finished scanning sources
INFO: [IP_Flow 19-234] Refreshing IP repositories
INFO: [IP_Flow 19-1704] No user IP repositories specified
INFO: [IP_Flow 19-2313] Loaded Vivado IP repository 'C:/Xilinx/Vivado/2018.2/data/ip'.
open_project: Time (s): cpu = 00:00:06 ; elapsed = 00:00:05 . Memory (MB): peak = 870.254 ; gain = 158.336
update_compile_order -fileset sources_1
export_ip_user_files -of_objects  [get_files C:/EE2026-MouseAudioDisplay.xpr/MouseAudioDisplay/MouseAudioDisplay.srcs/sources_1/new/image_gallery.v] -no_script -reset -force -quiet
remove_files  C:/EE2026-MouseAudioDisplay.xpr/MouseAudioDisplay/MouseAudioDisplay.srcs/sources_1/new/image_gallery.v
file delete -force C:/EE2026-MouseAudioDisplay.xpr/MouseAudioDisplay/MouseAudioDisplay.srcs/sources_1/new/image_gallery.v
export_ip_user_files -of_objects  [get_files C:/EE2026-MouseAudioDisplay.xpr/MouseAudioDisplay/MouseAudioDisplay.srcs/sources_1/new/tictactoe.v] -no_script -reset -force -quiet
remove_files  C:/EE2026-MouseAudioDisplay.xpr/MouseAudioDisplay/MouseAudioDisplay.srcs/sources_1/new/tictactoe.v
file delete -force C:/EE2026-MouseAudioDisplay.xpr/MouseAudioDisplay/MouseAudioDisplay.srcs/sources_1/new/tictactoe.v
export_ip_user_files -of_objects  [get_files C:/EE2026-MouseAudioDisplay.xpr/MouseAudioDisplay/MouseAudioDisplay.srcs/sources_1/new/display_oled.v] -no_script -reset -force -quiet
remove_files  C:/EE2026-MouseAudioDisplay.xpr/MouseAudioDisplay/MouseAudioDisplay.srcs/sources_1/new/display_oled.v
file delete -force C:/EE2026-MouseAudioDisplay.xpr/MouseAudioDisplay/MouseAudioDisplay.srcs/sources_1/new/display_oled.v
export_ip_user_files -of_objects  [get_files C:/EE2026-MouseAudioDisplay.xpr/MouseAudioDisplay/MouseAudioDisplay.srcs/sources_1/new/Debouncer.v] -no_script -reset -force -quiet
remove_files  C:/EE2026-MouseAudioDisplay.xpr/MouseAudioDisplay/MouseAudioDisplay.srcs/sources_1/new/Debouncer.v
file delete -force C:/EE2026-MouseAudioDisplay.xpr/MouseAudioDisplay/MouseAudioDisplay.srcs/sources_1/new/Debouncer.v
export_ip_user_files -of_objects  [get_files C:/EE2026-MouseAudioDisplay.xpr/MouseAudioDisplay/MouseAudioDisplay.srcs/sources_1/new/StudentB.v] -no_script -reset -force -quiet
remove_files  C:/EE2026-MouseAudioDisplay.xpr/MouseAudioDisplay/MouseAudioDisplay.srcs/sources_1/new/StudentB.v
file delete -force C:/EE2026-MouseAudioDisplay.xpr/MouseAudioDisplay/MouseAudioDisplay.srcs/sources_1/new/StudentB.v
update_compile_order -fileset sources_1
export_ip_user_files -of_objects  [get_files C:/EE2026-MouseAudioDisplay.xpr/MouseAudioDisplay/MouseAudioDisplay.srcs/sources_1/new/group_task.v] -no_script -reset -force -quiet
remove_files  C:/EE2026-MouseAudioDisplay.xpr/MouseAudioDisplay/MouseAudioDisplay.srcs/sources_1/new/group_task.v
file delete -force C:/EE2026-MouseAudioDisplay.xpr/MouseAudioDisplay/MouseAudioDisplay.srcs/sources_1/new/group_task.v
update_compile_order -fileset sources_1
update_compile_order -fileset sources_1
export_ip_user_files -of_objects  [get_files C:/EE2026-MouseAudioDisplay.xpr/MouseAudioDisplay/MouseAudioDisplay.srcs/sources_1/new/Player.v] -no_script -reset -force -quiet
remove_files  C:/EE2026-MouseAudioDisplay.xpr/MouseAudioDisplay/MouseAudioDisplay.srcs/sources_1/new/Player.v
file delete -force C:/EE2026-MouseAudioDisplay.xpr/MouseAudioDisplay/MouseAudioDisplay.srcs/sources_1/new/Player.v
export_ip_user_files -of_objects  [get_files C:/EE2026-MouseAudioDisplay.xpr/MouseAudioDisplay/MouseAudioDisplay.srcs/sources_1/new/SevenSegment.v] -no_script -reset -force -quiet
remove_files  C:/EE2026-MouseAudioDisplay.xpr/MouseAudioDisplay/MouseAudioDisplay.srcs/sources_1/new/SevenSegment.v
file delete -force C:/EE2026-MouseAudioDisplay.xpr/MouseAudioDisplay/MouseAudioDisplay.srcs/sources_1/new/SevenSegment.v
export_ip_user_files -of_objects  [get_files C:/EE2026-MouseAudioDisplay.xpr/MouseAudioDisplay/MouseAudioDisplay.srcs/sources_1/new/Display.v] -no_script -reset -force -quiet
remove_files  C:/EE2026-MouseAudioDisplay.xpr/MouseAudioDisplay/MouseAudioDisplay.srcs/sources_1/new/Display.v
file delete -force C:/EE2026-MouseAudioDisplay.xpr/MouseAudioDisplay/MouseAudioDisplay.srcs/sources_1/new/Display.v
reset_run synth_1
launch_runs impl_1 -to_step write_bitstream -jobs 4
[Thu Nov  9 22:19:23 2023] Launched synth_1...
Run output will be captured here: C:/EE2026-MouseAudioDisplay.xpr/MouseAudioDisplay/MouseAudioDisplay.runs/synth_1/runme.log
[Thu Nov  9 22:19:23 2023] Launched impl_1...
Run output will be captured here: C:/EE2026-MouseAudioDisplay.xpr/MouseAudioDisplay/MouseAudioDisplay.runs/impl_1/runme.log
exit
INFO: [Common 17-206] Exiting Vivado at Thu Nov  9 22:44:38 2023...
