Copyright 1986-2018 Xilinx, Inc. All Rights Reserved.
----------------------------------------------------------------------------------------
| Tool Version : Vivado v.2018.2 (win64) Build 2258646 Thu Jun 14 20:03:12 MDT 2018
| Date         : Thu Nov  9 22:21:22 2023
| Host         : Abijith running 64-bit major release  (build 9200)
| Command      : report_control_sets -verbose -file Top_Student_control_sets_placed.rpt
| Design       : Top_Student
| Device       : xc7a35t
----------------------------------------------------------------------------------------

Control Set Information

Table of Contents
-----------------
1. Summary
2. Histogram
3. Flip-Flop Distribution
4. Detailed Control Set Information

1. Summary
----------

+----------------------------------------------------------+-------+
|                          Status                          | Count |
+----------------------------------------------------------+-------+
| Number of unique control sets                            |    51 |
| Unused register locations in slices containing registers |    82 |
+----------------------------------------------------------+-------+


2. Histogram
------------

+--------+--------------+
| Fanout | Control Sets |
+--------+--------------+
|      2 |            1 |
|      4 |            2 |
|      6 |            2 |
|      8 |            5 |
|     12 |            3 |
|     14 |            4 |
|    16+ |           34 |
+--------+--------------+


3. Flip-Flop Distribution
-------------------------

+--------------+-----------------------+------------------------+-----------------+--------------+
| Clock Enable | Synchronous Set/Reset | Asynchronous Set/Reset | Total Registers | Total Slices |
+--------------+-----------------------+------------------------+-----------------+--------------+
| No           | No                    | No                     |             480 |          105 |
| No           | No                    | Yes                    |               0 |            0 |
| No           | Yes                   | No                     |             970 |          135 |
| Yes          | No                    | No                     |             346 |           56 |
| Yes          | No                    | Yes                    |               0 |            0 |
| Yes          | Yes                   | No                     |             186 |           32 |
+--------------+-----------------------+------------------------+-----------------+--------------+


4. Detailed Control Set Information
-----------------------------------

+------------------------------------------------------------------------------------+----------------------------------------------------------------------------+----------------------------------------------------------------------------+------------------+----------------+
|                                    Clock Signal                                    |                                Enable Signal                               |                              Set/Reset Signal                              | Slice Load Count | Bel Load Count |
+------------------------------------------------------------------------------------+----------------------------------------------------------------------------+----------------------------------------------------------------------------+------------------+----------------+
|  clk_6p25MHz_BUFG                                                                  |                                                                            |                                                                            |                1 |              2 |
|  instantiate_ButtonReactionGame/CLK0p3s/gameClock                                  |                                                                            |                                                                            |                1 |              4 |
| ~clk_6p25MHz_BUFG                                                                  |                                                                            |                                                                            |                2 |              4 |
|  instantiate_AudioTasks/instantiate_VolumeBar/m/CLK                                |                                                                            |                                                                            |                1 |              6 |
|  instantiate_AudioTasks/instantiate_LongitudinalWaveform/oled_data_reg[15]_i_2_n_0 |                                                                            | JC_display1/AR[0]                                                          |                2 |              6 |
|  instantiate_ButtonReactionGame/CLK0p3s/gameClock                                  | instantiate_ButtonReactionGame/played                                      |                                                                            |                1 |              8 |
|  instantiate_ButtonReactionGame/CLK0p3s/gameClock                                  | sw_IBUF[9]                                                                 | instantiate_ButtonReactionGame/index[4]_i_1_n_0                            |                1 |              8 |
|  CLK_IBUF_BUFG                                                                     | instantiate_MouseDriver/MC1/Inst_Ps2Interface/shift_frame                  | instantiate_MouseDriver/MC1/Inst_Ps2Interface/reset_bit_count              |                1 |              8 |
|  CLK_IBUF_BUFG                                                                     |                                                                            | instantiate_MouseDriver/MC1/Inst_Ps2Interface/clk_inter0                   |                1 |              8 |
|  CLK_IBUF_BUFG                                                                     |                                                                            | instantiate_MouseDriver/MC1/Inst_Ps2Interface/data_inter0                  |                1 |              8 |
|  instantiate_ButtonReactionGame/CLK0p3s/gameClock                                  | sw_IBUF[9]                                                                 |                                                                            |                3 |             12 |
|  clk_6p25MHz_BUFG                                                                  | sw_IBUF[13]                                                                | instantiate_AudioVolumeIndicator/oled_data_reg[15]_3[0]                    |                3 |             12 |
|  clk_6p25MHz_BUFG                                                                  | sw_IBUF[13]                                                                | instantiate_AudioTasks/instantiate_AudioEmoji/oled_data[7]_i_1__0_n_0      |                2 |             12 |
|  CLK_IBUF_BUFG                                                                     | sw_IBUF[9]                                                                 | JC_display1/p_0_in[1]                                                      |                3 |             14 |
|  CLK_IBUF_BUFG                                                                     | instantiate_MouseDriver/MC1/Inst_Ps2Interface/delay_63clk_count[6]_i_2_n_0 | instantiate_MouseDriver/MC1/Inst_Ps2Interface/delay_63clk_count[6]_i_1_n_0 |                2 |             14 |
|  CLK_IBUF_BUFG                                                                     | instantiate_ButtonReactionGame/cat[6]_i_1_n_0                              |                                                                            |                2 |             14 |
|  clk_samp_OBUF_BUFG                                                                | catGA[6]_i_2_n_0                                                           | catGA[6]_i_1_n_0                                                           |                3 |             14 |
|  CLK_IBUF_BUFG                                                                     | instantiate_MouseDriver/MC1/Inst_Ps2Interface/load_rx_data                 |                                                                            |                3 |             16 |
|  CLK_IBUF_BUFG                                                                     | instantiate_MouseDriver/MC1/tx_data0                                       |                                                                            |                3 |             16 |
|  CLK_IBUF_BUFG                                                                     | sw_IBUF[9]                                                                 |                                                                            |                6 |             20 |
|  CLK_IBUF_BUFG                                                                     | instantiate_MouseDriver/MC1/Inst_Ps2Interface/frame[9]_i_1_n_0             |                                                                            |                2 |             20 |
|  CLK_IBUF_BUFG                                                                     | instantiate_MouseDriver/MC1/Inst_Ps2Interface/delay_20us_count[10]_i_2_n_0 | instantiate_MouseDriver/MC1/Inst_Ps2Interface/delay_20us_count[10]_i_1_n_0 |                3 |             22 |
| ~instantiate_Audio_Input/sclk_OBUF                                                 |                                                                            |                                                                            |                3 |             24 |
|  CLK_IBUF_BUFG                                                                     |                                                                            | clk_samp_OBUF_BUFG                                                         |                3 |             24 |
|  clk_samp_OBUF_BUFG                                                                | instantiate_AudioVolumeIndicator/p_0_in                                    | instantiate_AudioVolumeIndicator/clear                                     |                3 |             24 |
|  CLK_IBUF_BUFG                                                                     | instantiate_MouseDriver/MC1/Inst_Ps2Interface/delay_100us_count[0]_i_2_n_0 | instantiate_MouseDriver/MC1/Inst_Ps2Interface/clear                        |                4 |             28 |
|  clk_6p25MHz_BUFG                                                                  | sw_IBUF[12]                                                                | instantiate_AudioVolumeIndicator/SR[0]                                     |                7 |             30 |
|  clk_samp_OBUF_BUFG                                                                | instantiate_AudioVolumeIndicator/clear                                     |                                                                            |                7 |             32 |
|  instantiate_AudioVolumeIndicator/D__0/E[0]                                        |                                                                            |                                                                            |                5 |             32 |
|  clk_samp_OBUF_BUFG                                                                |                                                                            |                                                                            |                5 |             32 |
| ~clk_6p25MHz_BUFG                                                                  |                                                                            | JXDAC_display2/frame_counter[16]_i_1__0_n_0                                |                5 |             34 |
| ~clk_6p25MHz_BUFG                                                                  |                                                                            | JC_display1/frame_counter[16]_i_1_n_0                                      |                4 |             34 |
| ~clk_6p25MHz_BUFG                                                                  | JXDAC_display2/delay[0]_i_1__0_n_0                                         |                                                                            |                5 |             40 |
| ~clk_6p25MHz_BUFG                                                                  | JC_display1/delay[0]_i_1_n_0                                               |                                                                            |                5 |             40 |
|  CLK_IBUF_BUFG                                                                     |                                                                            | instantiate_MouseDriver/MC1/reset_timeout_cnt                              |                6 |             48 |
|  CLK_IBUF_BUFG                                                                     |                                                                            | instantiate_MouseDriver/MC1/reset_periodic_check_cnt                       |                6 |             52 |
|  CLK_IBUF_BUFG                                                                     |                                                                            | instantiate_ButtonReactionGame/CLK0p3s/clear                               |                8 |             64 |
|  clk_6p25MHz_BUFG                                                                  |                                                                            | instantiate_AudioTasks/instantiate_VolumeBar/m/clear                       |                8 |             64 |
|  CLK_IBUF_BUFG                                                                     |                                                                            | instantiate_ButtonReactionGame/CLK0p2s/clear                               |                8 |             64 |
|  CLK_IBUF_BUFG                                                                     |                                                                            | instantiate_ButtonReactionGame/CLK0p1s/clear                               |                8 |             64 |
|  CLK_IBUF_BUFG                                                                     |                                                                            | instantiate_AudioTasks/instantiate_LongitudinalWaveform/clk1/clear         |                8 |             64 |
| ~clk_6p25MHz_BUFG                                                                  | JC_display1/state                                                          |                                                                            |               10 |             64 |
| ~clk_6p25MHz_BUFG                                                                  | JXDAC_display2/state                                                       |                                                                            |                9 |             64 |
|  clk_samp_OBUF_BUFG                                                                |                                                                            | instantiate_AudioVolumeIndicator/clear                                     |                8 |             64 |
|  CLK_IBUF_BUFG                                                                     |                                                                            | createClock_6p25MHz/clear                                                  |                8 |             64 |
|  CLK_IBUF_BUFG                                                                     |                                                                            | createClock_20khz/clear                                                    |                8 |             64 |
|  CLK_IBUF_BUFG                                                                     |                                                                            | instantiate_ButtonReactionGame/CLK0p4s/clear                               |                8 |             64 |
| ~clk_6p25MHz_BUFG                                                                  |                                                                            | JXDAC_display2/spi_word[39]_i_1__0_n_0                                     |               17 |             90 |
| ~clk_6p25MHz_BUFG                                                                  |                                                                            | JC_display1/spi_word[39]_i_1_n_0                                           |               18 |             90 |
|  CLK_IBUF_BUFG                                                                     |                                                                            |                                                                            |               42 |            184 |
|  instantiate_LongitudinalWaveform/slow_clk                                         |                                                                            |                                                                            |               45 |            192 |
+------------------------------------------------------------------------------------+----------------------------------------------------------------------------+----------------------------------------------------------------------------+------------------+----------------+


