INFO: [VRFC 10-2263] Analyzing Verilog file "C:/Users/Suresh Abijith Ram/Desktop/EE2026 -  DIGITAL DESIGN/Project/MouseAudioDisplay.xpr/MouseAudioDisplay/MouseAudioDisplay.srcs/sources_1/imports/Desktop/Audio_Input.v" into library xil_defaultlib
INFO: [VRFC 10-311] analyzing module Audio_Input
INFO: [VRFC 10-2263] Analyzing Verilog file "C:/Users/Suresh Abijith Ram/Desktop/EE2026 -  DIGITAL DESIGN/Project/MouseAudioDisplay.xpr/MouseAudioDisplay/MouseAudioDisplay.srcs/sources_1/new/Audio_Intensity.v" into library xil_defaultlib
INFO: [VRFC 10-311] analyzing module Audio_Intensity
INFO: [VRFC 10-2263] Analyzing Verilog file "C:/Users/Suresh Abijith Ram/Desktop/EE2026 -  DIGITAL DESIGN/Project/MouseAudioDisplay.xpr/MouseAudioDisplay/MouseAudioDisplay.srcs/sources_1/new/DFF.v" into library xil_defaultlib
INFO: [VRFC 10-311] analyzing module DFF
INFO: [VRFC 10-2263] Analyzing Verilog file "C:/Users/Suresh Abijith Ram/Desktop/EE2026 -  DIGITAL DESIGN/Project/MouseAudioDisplay.xpr/MouseAudioDisplay/MouseAudioDisplay.srcs/sources_1/imports/Desktop/Oled_Display.v" into library xil_defaultlib
INFO: [VRFC 10-311] analyzing module Oled_Display
WARNING: [VRFC 10-756] identifier state is used before its declaration [C:/Users/Suresh Abijith Ram/Desktop/EE2026 -  DIGITAL DESIGN/Project/MouseAudioDisplay.xpr/MouseAudioDisplay/MouseAudioDisplay.srcs/sources_1/imports/Desktop/Oled_Display.v:105]
WARNING: [VRFC 10-756] identifier state is used before its declaration [C:/Users/Suresh Abijith Ram/Desktop/EE2026 -  DIGITAL DESIGN/Project/MouseAudioDisplay.xpr/MouseAudioDisplay/MouseAudioDisplay.srcs/sources_1/imports/Desktop/Oled_Display.v:107]
WARNING: [VRFC 10-756] identifier state is used before its declaration [C:/Users/Suresh Abijith Ram/Desktop/EE2026 -  DIGITAL DESIGN/Project/MouseAudioDisplay.xpr/MouseAudioDisplay/MouseAudioDisplay.srcs/sources_1/imports/Desktop/Oled_Display.v:109]
WARNING: [VRFC 10-756] identifier state is used before its declaration [C:/Users/Suresh Abijith Ram/Desktop/EE2026 -  DIGITAL DESIGN/Project/MouseAudioDisplay.xpr/MouseAudioDisplay/MouseAudioDisplay.srcs/sources_1/imports/Desktop/Oled_Display.v:110]
WARNING: [VRFC 10-756] identifier state is used before its declaration [C:/Users/Suresh Abijith Ram/Desktop/EE2026 -  DIGITAL DESIGN/Project/MouseAudioDisplay.xpr/MouseAudioDisplay/MouseAudioDisplay.srcs/sources_1/imports/Desktop/Oled_Display.v:111]
INFO: [VRFC 10-2263] Analyzing Verilog file "C:/Users/Suresh Abijith Ram/Desktop/EE2026 -  DIGITAL DESIGN/Project/MouseAudioDisplay.xpr/MouseAudioDisplay/MouseAudioDisplay.srcs/sources_1/new/Top_Student.v" into library xil_defaultlib
INFO: [VRFC 10-311] analyzing module Top_Student
INFO: [VRFC 10-2263] Analyzing Verilog file "C:/Users/Suresh Abijith Ram/Desktop/EE2026 -  DIGITAL DESIGN/Project/MouseAudioDisplay.xpr/MouseAudioDisplay/MouseAudioDisplay.srcs/sources_1/new/audio_emoji.v" into library xil_defaultlib
INFO: [VRFC 10-311] analyzing module audio_emoji
INFO: [VRFC 10-2263] Analyzing Verilog file "C:/Users/Suresh Abijith Ram/Desktop/EE2026 -  DIGITAL DESIGN/Project/MouseAudioDisplay.xpr/MouseAudioDisplay/MouseAudioDisplay.srcs/sources_1/new/button_game_logic.v" into library xil_defaultlib
INFO: [VRFC 10-311] analyzing module button_game_logic
INFO: [VRFC 10-2263] Analyzing Verilog file "C:/Users/Suresh Abijith Ram/Desktop/EE2026 -  DIGITAL DESIGN/Project/MouseAudioDisplay.xpr/MouseAudioDisplay/MouseAudioDisplay.srcs/sources_1/new/button_pressed.v" into library xil_defaultlib
INFO: [VRFC 10-311] analyzing module button_pressed
INFO: [VRFC 10-2263] Analyzing Verilog file "C:/Users/Suresh Abijith Ram/Desktop/EE2026 -  DIGITAL DESIGN/Project/MouseAudioDisplay.xpr/MouseAudioDisplay/MouseAudioDisplay.srcs/sources_1/new/button_reaction.v" into library xil_defaultlib
INFO: [VRFC 10-311] analyzing module button_reaction
INFO: [VRFC 10-2263] Analyzing Verilog file "C:/Users/Suresh Abijith Ram/Desktop/EE2026 -  DIGITAL DESIGN/Project/MouseAudioDisplay.xpr/MouseAudioDisplay/MouseAudioDisplay.srcs/sources_1/new/clock_divider.v" into library xil_defaultlib
INFO: [VRFC 10-311] analyzing module clock_divider
INFO: [VRFC 10-2263] Analyzing Verilog file "C:/Users/Suresh Abijith Ram/Desktop/EE2026 -  DIGITAL DESIGN/Project/MouseAudioDisplay.xpr/MouseAudioDisplay/MouseAudioDisplay.srcs/sources_1/new/display_intensity.v" into library xil_defaultlib
INFO: [VRFC 10-311] analyzing module display_intensity
INFO: [VRFC 10-2263] Analyzing Verilog file "C:/Users/Suresh Abijith Ram/Desktop/EE2026 -  DIGITAL DESIGN/Project/MouseAudioDisplay.xpr/MouseAudioDisplay/MouseAudioDisplay.srcs/sources_1/new/display_intensity_led.v" into library xil_defaultlib
INFO: [VRFC 10-311] analyzing module display_intensity_led
INFO: [VRFC 10-2263] Analyzing Verilog file "C:/Users/Suresh Abijith Ram/Desktop/EE2026 -  DIGITAL DESIGN/Project/MouseAudioDisplay.xpr/MouseAudioDisplay/MouseAudioDisplay.srcs/sources_1/new/display_oled.v" into library xil_defaultlib
INFO: [VRFC 10-311] analyzing module display_oled
INFO: [VRFC 10-2263] Analyzing Verilog file "C:/Users/Suresh Abijith Ram/Desktop/EE2026 -  DIGITAL DESIGN/Project/MouseAudioDisplay.xpr/MouseAudioDisplay/MouseAudioDisplay.srcs/sources_1/new/get_coordinates.v" into library xil_defaultlib
INFO: [VRFC 10-311] analyzing module get_coordinates
INFO: [VRFC 10-2263] Analyzing Verilog file "C:/Users/Suresh Abijith Ram/Desktop/EE2026 -  DIGITAL DESIGN/Project/MouseAudioDisplay.xpr/MouseAudioDisplay/MouseAudioDisplay.srcs/sources_1/new/group_task.v" into library xil_defaultlib
INFO: [VRFC 10-311] analyzing module group_task
INFO: [VRFC 10-2263] Analyzing Verilog file "C:/Users/Suresh Abijith Ram/Desktop/EE2026 -  DIGITAL DESIGN/Project/MouseAudioDisplay.xpr/MouseAudioDisplay/MouseAudioDisplay.srcs/sources_1/new/mouse_driver.v" into library xil_defaultlib
INFO: [VRFC 10-311] analyzing module mouse_driver
INFO: [VRFC 10-2263] Analyzing Verilog file "C:/Users/Suresh Abijith Ram/Desktop/EE2026 -  DIGITAL DESIGN/Project/MouseAudioDisplay.xpr/MouseAudioDisplay/MouseAudioDisplay.srcs/sources_1/new/random_colors.v" into library xil_defaultlib
INFO: [VRFC 10-311] analyzing module random_colors
INFO: [VRFC 10-2263] Analyzing Verilog file "C:/Users/Suresh Abijith Ram/Desktop/EE2026 -  DIGITAL DESIGN/Project/MouseAudioDisplay.xpr/MouseAudioDisplay/MouseAudioDisplay.srcs/sim_1/new/sim.v" into library xil_defaultlib
INFO: [VRFC 10-311] analyzing module random_number_generator
INFO: [VRFC 10-2263] Analyzing Verilog file "C:/Users/Suresh Abijith Ram/Desktop/EE2026 -  DIGITAL DESIGN/Project/MouseAudioDisplay.xpr/MouseAudioDisplay/MouseAudioDisplay.srcs/sources_1/new/volume_bar.v" into library xil_defaultlib
INFO: [VRFC 10-311] analyzing module volume_bar
INFO: [VRFC 10-2263] Analyzing Verilog file "C:/Users/Suresh Abijith Ram/Desktop/EE2026 -  DIGITAL DESIGN/Project/MouseAudioDisplay.xpr/MouseAudioDisplay/MouseAudioDisplay.sim/sim_1/behav/xsim/glbl.v" into library xil_defaultlib
INFO: [VRFC 10-311] analyzing module glbl
INFO: [VRFC 10-163] Analyzing VHDL file "C:/Users/Suresh Abijith Ram/Desktop/EE2026 -  DIGITAL DESIGN/Project/MouseAudioDisplay.xpr/MouseAudioDisplay/MouseAudioDisplay.srcs/sources_1/imports/Desktop/Audio_Output.vhd" into library xil_defaultlib
INFO: [VRFC 10-307] analyzing entity Audio_Output
INFO: [VRFC 10-163] Analyzing VHDL file "C:/Users/Suresh Abijith Ram/Desktop/EE2026 -  DIGITAL DESIGN/Project/MouseAudioDisplay.xpr/MouseAudioDisplay/MouseAudioDisplay.srcs/sources_1/imports/Desktop/Mouse_Control.vhd" into library xil_defaultlib
INFO: [VRFC 10-307] analyzing entity MouseCtl
INFO: [VRFC 10-163] Analyzing VHDL file "C:/Users/Suresh Abijith Ram/Desktop/EE2026 -  DIGITAL DESIGN/Project/MouseAudioDisplay.xpr/MouseAudioDisplay/MouseAudioDisplay.srcs/sources_1/imports/Desktop/Ps2Interface.vhd" into library xil_defaultlib
INFO: [VRFC 10-307] analyzing entity Ps2Interface
